<?xml version="1.0" encoding="UTF-8"?>
<coverage generated="1542315918802" clover="3.2.0">
  <project timestamp="1542315918802" name="All files">
    <metrics statements="101" coveredstatements="75" conditionals="68" coveredconditionals="45" methods="36" coveredmethods="15" elements="205" coveredelements="135" complexity="0" loc="101" ncloc="101" packages="8" files="8" classes="8">
      <package name="sgbouncewizard">
        <metrics statements="1" coveredstatements="1" conditionals="0" coveredconditionals="0" methods="0" coveredmethods="0"/>
        <file name="SCSSStub.js" path="/Users/kennymatsudo/Desktop/sgbouncewizard/SCSSStub.js">
          <metrics statements="1" coveredstatements="1" conditionals="0" coveredconditionals="0" methods="0" coveredmethods="0"/>
          <line num="1" count="2" type="stmt"/>
        </file>
      </package>
      <package name="sgbouncewizard.src">
        <metrics statements="4" coveredstatements="4" conditionals="0" coveredconditionals="0" methods="0" coveredmethods="0"/>
        <file name="jestsetup.js" path="/Users/kennymatsudo/Desktop/sgbouncewizard/src/jestsetup.js">
          <metrics statements="4" coveredstatements="4" conditionals="0" coveredconditionals="0" methods="0" coveredmethods="0"/>
          <line num="4" count="3" type="stmt"/>
          <line num="6" count="3" type="stmt"/>
          <line num="7" count="3" type="stmt"/>
          <line num="8" count="3" type="stmt"/>
        </file>
      </package>
      <package name="sgbouncewizard.src.components.BounceRulesContainer">
        <metrics statements="8" coveredstatements="5" conditionals="0" coveredconditionals="0" methods="5" coveredmethods="2"/>
        <file name="index.jsx" path="/Users/kennymatsudo/Desktop/sgbouncewizard/src/components/BounceRulesContainer/index.jsx">
          <metrics statements="8" coveredstatements="5" conditionals="0" coveredconditionals="0" methods="5" coveredmethods="2"/>
          <line num="19" count="1" type="stmt"/>
          <line num="20" count="1" type="stmt"/>
          <line num="32" count="0" type="stmt"/>
          <line num="43" count="1" type="stmt"/>
          <line num="44" count="0" type="stmt"/>
          <line num="50" count="0" type="stmt"/>
          <line num="57" count="1" type="stmt"/>
          <line num="76" count="2" type="stmt"/>
        </file>
      </package>
      <package name="sgbouncewizard.src.components.Column">
        <metrics statements="31" coveredstatements="24" conditionals="26" coveredconditionals="14" methods="4" coveredmethods="3"/>
        <file name="index.js" path="/Users/kennymatsudo/Desktop/sgbouncewizard/src/components/Column/index.js">
          <metrics statements="31" coveredstatements="24" conditionals="26" coveredconditionals="14" methods="4" coveredmethods="3"/>
          <line num="3" count="2" type="cond" truecount="2" falsecount="1"/>
          <line num="5" count="2" type="stmt"/>
          <line num="8" count="0" type="stmt"/>
          <line num="9" count="0" type="stmt"/>
          <line num="10" count="0" type="stmt"/>
          <line num="11" count="0" type="cond" truecount="0" falsecount="2"/>
          <line num="13" count="0" type="stmt"/>
          <line num="15" count="2" type="stmt"/>
          <line num="18" count="2" type="cond" truecount="2" falsecount="1"/>
          <line num="20" count="13" type="stmt"/>
          <line num="21" count="13" type="stmt"/>
          <line num="22" count="39" type="cond" truecount="3" falsecount="1"/>
          <line num="23" count="0" type="stmt"/>
          <line num="24" count="13" type="cond" truecount="3" falsecount="1"/>
          <line num="25" count="13" type="stmt"/>
          <line num="26" count="0" type="cond" truecount="0" falsecount="2"/>
          <line num="27" count="13" type="stmt"/>
          <line num="29" count="2" type="stmt"/>
          <line num="30" count="2" type="stmt"/>
          <line num="31" count="2" type="stmt"/>
          <line num="33" count="2" type="stmt"/>
          <line num="34" count="13" type="stmt"/>
          <line num="36" count="13" type="stmt"/>
          <line num="38" count="13" type="cond" truecount="1" falsecount="1"/>
          <line num="40" count="13" type="stmt"/>
          <line num="42" count="13" type="stmt"/>
          <line num="44" count="13" type="stmt"/>
          <line num="45" count="13" type="cond" truecount="1" falsecount="1"/>
          <line num="46" count="13" type="cond" truecount="1" falsecount="1"/>
          <line num="47" count="13" type="stmt"/>
          <line num="52" count="13" type="stmt"/>
        </file>
      </package>
      <package name="sgbouncewizard.src.components.Login">
        <metrics statements="18" coveredstatements="12" conditionals="16" coveredconditionals="16" methods="11" coveredmethods="3"/>
        <file name="index.jsx" path="/Users/kennymatsudo/Desktop/sgbouncewizard/src/components/Login/index.jsx">
          <metrics statements="18" coveredstatements="12" conditionals="16" coveredconditionals="16" methods="11" coveredmethods="3"/>
          <line num="9" count="1" type="stmt"/>
          <line num="10" count="0" type="stmt"/>
          <line num="25" count="1" type="stmt"/>
          <line num="26" count="0" type="stmt"/>
          <line num="42" count="1" type="stmt"/>
          <line num="43" count="0" type="stmt"/>
          <line num="59" count="1" type="stmt"/>
          <line num="60" count="0" type="stmt"/>
          <line num="71" count="1" type="stmt"/>
          <line num="72" count="1" type="stmt"/>
          <line num="77" count="1" type="stmt"/>
          <line num="84" count="5" type="stmt"/>
          <line num="91" count="0" type="stmt"/>
          <line num="102" count="0" type="stmt"/>
          <line num="124" count="1" type="stmt"/>
          <line num="136" count="11" type="stmt"/>
          <line num="185" count="1" type="stmt"/>
          <line num="197" count="1" type="stmt"/>
        </file>
      </package>
      <package name="sgbouncewizard.src.components.Pagination">
        <metrics statements="8" coveredstatements="6" conditionals="2" coveredconditionals="1" methods="9" coveredmethods="3"/>
        <file name="index.jsx" path="/Users/kennymatsudo/Desktop/sgbouncewizard/src/components/Pagination/index.jsx">
          <metrics statements="8" coveredstatements="6" conditionals="2" coveredconditionals="1" methods="9" coveredmethods="3"/>
          <line num="4" count="1" type="stmt"/>
          <line num="11" count="1" type="cond" truecount="1" falsecount="1"/>
          <line num="12" count="1" type="stmt"/>
          <line num="13" count="1" type="stmt"/>
          <line num="27" count="5" type="stmt"/>
          <line num="29" count="5" type="stmt"/>
          <line num="34" count="0" type="stmt"/>
          <line num="45" count="0" type="stmt"/>
        </file>
      </package>
      <package name="sgbouncewizard.src.components.Row">
        <metrics statements="27" coveredstatements="21" conditionals="22" coveredconditionals="13" methods="4" coveredmethods="3"/>
        <file name="index.js" path="/Users/kennymatsudo/Desktop/sgbouncewizard/src/components/Row/index.js">
          <metrics statements="27" coveredstatements="21" conditionals="22" coveredconditionals="13" methods="4" coveredmethods="3"/>
          <line num="3" count="2" type="cond" truecount="2" falsecount="1"/>
          <line num="5" count="2" type="stmt"/>
          <line num="8" count="0" type="stmt"/>
          <line num="9" count="0" type="stmt"/>
          <line num="10" count="0" type="stmt"/>
          <line num="11" count="0" type="cond" truecount="0" falsecount="2"/>
          <line num="13" count="0" type="stmt"/>
          <line num="15" count="2" type="stmt"/>
          <line num="18" count="2" type="cond" truecount="2" falsecount="1"/>
          <line num="20" count="12" type="stmt"/>
          <line num="21" count="12" type="stmt"/>
          <line num="22" count="14" type="cond" truecount="4" falsecount="0"/>
          <line num="23" count="2" type="stmt"/>
          <line num="24" count="12" type="cond" truecount="3" falsecount="1"/>
          <line num="25" count="12" type="stmt"/>
          <line num="26" count="0" type="cond" truecount="0" falsecount="2"/>
          <line num="27" count="12" type="stmt"/>
          <line num="29" count="2" type="stmt"/>
          <line num="30" count="2" type="stmt"/>
          <line num="31" count="2" type="stmt"/>
          <line num="33" count="2" type="stmt"/>
          <line num="34" count="12" type="stmt"/>
          <line num="36" count="12" type="stmt"/>
          <line num="38" count="12" type="cond" truecount="1" falsecount="1"/>
          <line num="40" count="12" type="stmt"/>
          <line num="41" count="12" type="stmt"/>
          <line num="45" count="12" type="stmt"/>
        </file>
      </package>
      <package name="sgbouncewizard.src.components.RuleFilter">
        <metrics statements="4" coveredstatements="2" conditionals="2" coveredconditionals="1" methods="3" coveredmethods="1"/>
        <file name="index.jsx" path="/Users/kennymatsudo/Desktop/sgbouncewizard/src/components/RuleFilter/index.jsx">
          <metrics statements="4" coveredstatements="2" conditionals="2" coveredconditionals="1" methods="3" coveredmethods="1"/>
          <line num="8" count="1" type="stmt"/>
          <line num="17" count="1" type="stmt"/>
          <line num="71" count="0" type="stmt"/>
          <line num="74" count="0" type="stmt"/>
        </file>
      </package>
    </metrics>
  </project>
</coverage>
